#
# There is insufficient memory for the Java Runtime Environment to continue.
# Native memory allocation (mmap) failed to map 260046848 bytes for G1 virtual space
# Possible reasons:
#   The system is out of physical RAM or swap space
#   The process is running with CompressedOops enabled, and the Java Heap may be blocking the growth of the native heap
# Possible solutions:
#   Reduce memory load on the system
#   Increase physical memory or swap space
#   Check if swap backing store is full
#   Decrease Java heap size (-Xmx/-Xms)
#   Decrease number of Java threads
#   Decrease Java thread stack sizes (-Xss)
#   Set larger code cache with -XX:ReservedCodeCacheSize=
#   JVM is running with Zero Based Compressed Oops mode in which the Java heap is
#     placed in the first 32GB address space. The Java Heap base address is the
#     maximum limit for the native heap growth. Please use -XX:HeapBaseMinAddress
#     to set the Java Heap base and to place the Java Heap above 32GB virtual address.
# This output file may be truncated or incomplete.
#
#  Out of Memory Error (os_windows.cpp:3771), pid=9344, tid=6484
#
# JRE version:  (17.0.7) (build )
# Java VM: OpenJDK 64-Bit Server VM (17.0.7+0-b2043.56-10550314, mixed mode, sharing, tiered, compressed oops, compressed class ptrs, g1 gc, windows-amd64)
# No core dump will be written. Minidumps are not enabled by default on client versions of Windows
#

---------------  S U M M A R Y ------------

Command Line: git4idea.http.GitAskPassApp Username for 'https://github.com': 

Host: AMD Ryzen 5 4600H with Radeon Graphics         , 12 cores, 15G,  Windows 11 , 64 bit Build 22621 (10.0.22621.3085)
Time: Fri Mar  8 17:15:56 2024 SE Asia Standard Time elapsed time: 0.008056 seconds (0d 0h 0m 0s)

---------------  T H R E A D  ---------------

Current thread (0x000001f6b67e18b0):  JavaThread "Unknown thread" [_thread_in_vm, id=6484, stack(0x000000a476600000,0x000000a476700000)]

Stack: [0x000000a476600000,0x000000a476700000]
Native frames: (J=compiled Java code, j=interpreted, Vv=VM code, C=native code)
V  [jvm.dll+0x683bfa]
V  [jvm.dll+0x8430a4]
V  [jvm.dll+0x8449be]
V  [jvm.dll+0x845023]
V  [jvm.dll+0x24ad2f]
V  [jvm.dll+0x680ac9]
V  [jvm.dll+0x67519a]
V  [jvm.dll+0x30b3cb]
V  [jvm.dll+0x312876]
V  [jvm.dll+0x36221e]
V  [jvm.dll+0x36244f]
V  [jvm.dll+0x2e14a8]
V  [jvm.dll+0x2e2414]
V  [jvm.dll+0x814391]
V  [jvm.dll+0x36ffe1]
V  [jvm.dll+0x7f396c]
V  [jvm.dll+0x3f305f]
V  [jvm.dll+0x3f4b91]
C  [jli.dll+0x528f]
C  [ucrtbase.dll+0x29363]
C  [KERNEL32.DLL+0x1257d]
C  [ntdll.dll+0x5aa58]


---------------  P R O C E S S  ---------------

Threads class SMR info:
_java_thread_list=0x00007ffac901d098, length=0, elements={
}

Java Threads: ( => current thread )

Other Threads:
  0x000001f6b684a310 GCTaskThread "GC Thread#0" [stack: 0x000000a476700000,0x000000a476800000] [id=26720]
  0x000001f6b685c820 ConcurrentGCThread "G1 Main Marker" [stack: 0x000000a476800000,0x000000a476900000] [id=6200]
  0x000001f6b685d130 ConcurrentGCThread "G1 Conc#0" [stack: 0x000000a476900000,0x000000a476a00000] [id=14172]

[error occurred during error reporting (printing all threads), id 0xc0000005, EXCEPTION_ACCESS_VIOLATION (0xc0000005) at pc=0x00007ffac87d2087]

VM state: not at safepoint (not fully initialized)

VM Mutex/Monitor currently owned by a thread:  ([mutex/lock_event])
[0x000001f6b67dac70] Heap_lock - owner thread: 0x000001f6b67e18b0

Heap address: 0x0000000709400000, size: 3948 MB, Compressed Oops mode: Zero based, Oop shift amount: 3

CDS archive(s) mapped at: [0x0000000000000000-0x0000000000000000-0x0000000000000000), size 0, SharedBaseAddress: 0x0000000800000000, ArchiveRelocationMode: 0.
Narrow klass base: 0x0000000000000000, Narrow klass shift: 0, Narrow klass range: 0x0

GC Precious Log:
<Empty>

Heap:
 garbage-first heap   total 0K, used 0K [0x0000000709400000, 0x0000000800000000)
  region size 2048K, 0 young (0K), 0 survivors (0K)
 Metaspace       used 0K, committed 0K, reserved 0K
  class space    used 0K, committed 0K, reserved 0K

Heap Regions: E=young(eden), S=young(survivor), O=old, HS=humongous(starts), HC=humongous(continues), CS=collection set, F=free, OA=open archive, CA=closed archive, TAMS=top-at-mark-start (previous, next)

Card table byte_map: [0x000001f6c99c0000,0x000001f6ca180000] _byte_map_base: 0x000001f6c6176000

Marking Bits (Prev, Next): (CMBitMap*) 0x000001f6b684c830, (CMBitMap*) 0x000001f6b684c870
 Prev Bits: [0x000001f6ca940000, 0x000001f6ce6f0000)
 Next Bits: [0x000001f6ce6f0000, 0x000001f6d24a0000)

GC Heap History (0 events):
No events

Dll operation events (1 events):
Event: 0.005 Loaded shared library D:\AndroidStudio\jbr\bin\java.dll

Deoptimization events (0 events):
No events

Classes unloaded (0 events):
No events

Classes redefined (0 events):
No events

Internal exceptions (0 events):
No events

VM Operations (0 events):
No events

Events (0 events):
No events


Dynamic libraries:
0x00007ff77c440000 - 0x00007ff77c44a000 	D:\AndroidStudio\jbr\bin\java.exe
0x00007ffb19830000 - 0x00007ffb19a47000 	C:\WINDOWS\SYSTEM32\ntdll.dll
0x00007ffb18630000 - 0x00007ffb186f4000 	C:\WINDOWS\System32\KERNEL32.DLL
0x00007ffb16f10000 - 0x00007ffb172b6000 	C:\WINDOWS\System32\KERNELBASE.dll
0x00007ffb16dc0000 - 0x00007ffb16ed1000 	C:\WINDOWS\System32\ucrtbase.dll
0x00007ffb010c0000 - 0x00007ffb010d7000 	D:\AndroidStudio\jbr\bin\jli.dll
0x00007ffb062d0000 - 0x00007ffb062eb000 	D:\AndroidStudio\jbr\bin\VCRUNTIME140.dll
0x00007ffb17ce0000 - 0x00007ffb17e8e000 	C:\WINDOWS\System32\USER32.dll
0x00007ffb17550000 - 0x00007ffb17576000 	C:\WINDOWS\System32\win32u.dll
0x00007ffb0e940000 - 0x00007ffb0ebd3000 	C:\WINDOWS\WinSxS\amd64_microsoft.windows.common-controls_6595b64144ccf1df_6.0.22621.2506_none_270c5ae97388e100\COMCTL32.dll
0x00007ffb178a0000 - 0x00007ffb178c9000 	C:\WINDOWS\System32\GDI32.dll
0x00007ffb17e90000 - 0x00007ffb17f37000 	C:\WINDOWS\System32\msvcrt.dll
0x00007ffb16c30000 - 0x00007ffb16d48000 	C:\WINDOWS\System32\gdi32full.dll
0x00007ffb174b0000 - 0x00007ffb1754a000 	C:\WINDOWS\System32\msvcp_win.dll
0x00007ffb19530000 - 0x00007ffb19561000 	C:\WINDOWS\System32\IMM32.DLL
0x00007ffb12340000 - 0x00007ffb1234c000 	D:\AndroidStudio\jbr\bin\vcruntime140_1.dll
0x00007ffaf7f60000 - 0x00007ffaf7fed000 	D:\AndroidStudio\jbr\bin\msvcp140.dll
0x00007ffac84e0000 - 0x00007ffac9160000 	D:\AndroidStudio\jbr\bin\server\jvm.dll
0x00007ffb175d0000 - 0x00007ffb17683000 	C:\WINDOWS\System32\ADVAPI32.dll
0x00007ffb19640000 - 0x00007ffb196e8000 	C:\WINDOWS\System32\sechost.dll
0x00007ffb16ee0000 - 0x00007ffb16f08000 	C:\WINDOWS\System32\bcrypt.dll
0x00007ffb19180000 - 0x00007ffb19297000 	C:\WINDOWS\System32\RPCRT4.dll
0x00007ffb0ec30000 - 0x00007ffb0ec64000 	C:\WINDOWS\SYSTEM32\WINMM.dll
0x00007ffb123c0000 - 0x00007ffb123c9000 	C:\WINDOWS\SYSTEM32\WSOCK32.dll
0x00007ffb0e2e0000 - 0x00007ffb0e2ea000 	C:\WINDOWS\SYSTEM32\VERSION.dll
0x00007ffb196f0000 - 0x00007ffb19761000 	C:\WINDOWS\System32\WS2_32.dll
0x00007ffb15c20000 - 0x00007ffb15c38000 	C:\WINDOWS\SYSTEM32\kernel.appcore.dll
0x00007ffb10190000 - 0x00007ffb1019a000 	D:\AndroidStudio\jbr\bin\jimage.dll
0x00007ffb0c380000 - 0x00007ffb0c5b3000 	C:\WINDOWS\SYSTEM32\DBGHELP.DLL
0x00007ffb178d0000 - 0x00007ffb17c59000 	C:\WINDOWS\System32\combase.dll
0x00007ffb176b0000 - 0x00007ffb17787000 	C:\WINDOWS\System32\OLEAUT32.dll
0x00007ffb0c340000 - 0x00007ffb0c372000 	C:\WINDOWS\SYSTEM32\dbgcore.DLL
0x00007ffb172c0000 - 0x00007ffb1733a000 	C:\WINDOWS\System32\bcryptPrimitives.dll
0x00007ffb06930000 - 0x00007ffb06955000 	D:\AndroidStudio\jbr\bin\java.dll

dbghelp: loaded successfully - version: 4.0.5 - missing functions: none
symbol engine: initialized successfully - sym options: 0x614 - pdb path: .;D:\AndroidStudio\jbr\bin;C:\WINDOWS\SYSTEM32;C:\WINDOWS\WinSxS\amd64_microsoft.windows.common-controls_6595b64144ccf1df_6.0.22621.2506_none_270c5ae97388e100;D:\AndroidStudio\jbr\bin\server

VM Arguments:
java_command: git4idea.http.GitAskPassApp Username for 'https://github.com': 
java_class_path (initial): D:/AndroidStudio/plugins/vcs-git/lib/git4idea-rt.jar;D:/AndroidStudio/lib/externalProcess-rt.jar
Launcher Type: SUN_STANDARD

[Global flags]
     intx CICompilerCount                          = 4                                         {product} {ergonomic}
     uint ConcGCThreads                            = 3                                         {product} {ergonomic}
     uint G1ConcRefinementThreads                  = 10                                        {product} {ergonomic}
   size_t G1HeapRegionSize                         = 2097152                                   {product} {ergonomic}
    uintx GCDrainStackTargetSize                   = 64                                        {product} {ergonomic}
   size_t InitialHeapSize                          = 260046848                                 {product} {ergonomic}
   size_t MarkStackSize                            = 4194304                                   {product} {ergonomic}
   size_t MaxHeapSize                              = 4139778048                                {product} {ergonomic}
   size_t MinHeapDeltaBytes                        = 2097152                                   {product} {ergonomic}
   size_t MinHeapSize                              = 8388608                                   {product} {ergonomic}
    uintx NonNMethodCodeHeapSize                   = 5839372                                {pd product} {ergonomic}
    uintx NonProfiledCodeHeapSize                  = 122909434                              {pd product} {ergonomic}
    uintx ProfiledCodeHeapSize                     = 122909434                              {pd product} {ergonomic}
    uintx ReservedCodeCacheSize                    = 251658240                              {pd product} {ergonomic}
     bool SegmentedCodeCache                       = true                                      {product} {ergonomic}
   size_t SoftMaxHeapSize                          = 4139778048                             {manageable} {ergonomic}
     bool UseCompressedClassPointers               = true                           {product lp64_product} {ergonomic}
     bool UseCompressedOops                        = true                           {product lp64_product} {ergonomic}
     bool UseG1GC                                  = true                                      {product} {ergonomic}
     bool UseLargePagesIndividualAllocation        = false                                  {pd product} {ergonomic}

Logging:
Log output configuration:
 #0: stdout all=warning uptime,level,tags
 #1: stderr all=off uptime,level,tags

Environment Variables:
PATH=C:\Program Files\Git\mingw64\libexec\git-core;C:\Program Files\Git\mingw64\libexec\git-core;C:\Program Files\Git\mingw64\bin;C:\Program Files\Git\usr\bin;C:\Users\Admin\bin;C:\Program Files (x86)\Common Files\Intel\Shared Libraries\redist\intel64\compiler;C:\Windows\system32;C:\Windows;C:\Windows\System32\Wbem;C:\Windows\System32\WindowsPowerShell\v1.0;C:\Windows\System32\OpenSSH;C:\Program Files (x86)\NVIDIA Corporation\PhysX\Common;C:\Program Files\NVIDIA Corporation\NVIDIA NvDLISR;C:\Program Files\Microsoft SQL Server\Client SDK\ODBC\170\Tools\Binn;C:\Program Files\dotnet;C:\Program Files\Cloudflare\Cloudflare WARP;C:\WINDOWS\system32;C:\WINDOWS;C:\WINDOWS\System32\Wbem;C:\WINDOWS\System32\WindowsPowerShell\v1.0;C:\WINDOWS\System32\OpenSSH;C:\Program Files\Azure Data Studio\bin;C:\Program Files (x86)\Microsoft SQL Server\160\Tools\Binn;C:\Program Files\Microsoft SQL Server\160\Tools\Binn;C:\Program Files\Microsoft SQL Server\160\DTS\Binn;C:\Program Files (x86)\Microsoft SQL Server\160\DTS\Binn;C:\Program Files\Git\cmd;C:\Users\Admin\AppData\Local\Microsoft\WindowsApps;C:\Users\Admin\.dotnet\tools;D:\Microsoft VS Code\bin;C:\Program Files\Azure Data Studio\bin
USERNAME=Admin
DISPLAY=:0.0
LC_ALL=en_US.UTF-8
TERM=xterm-256color
TMPDIR=C:\Users\Admin\AppData\Local\Temp
OS=Windows_NT
PROCESSOR_IDENTIFIER=AMD64 Family 23 Model 96 Stepping 1, AuthenticAMD
TMP=C:\Users\Admin\AppData\Local\Temp
TEMP=C:\Users\Admin\AppData\Local\Temp


JNI global refs:
JNI global refs: 0, weak refs: 0

JNI global refs memory usage: 0, weak refs: 0

OOME stack traces (most recent first):
Classloader memory used:


---------------  S Y S T E M  ---------------

OS:
 Windows 11 , 64 bit Build 22621 (10.0.22621.3085)
OS uptime: 3 days 1:29 hours

CPU: total 12 (initial active 12) (12 cores per cpu, 2 threads per core) family 23 model 96 stepping 1 microcode 0x0, cx8, cmov, fxsr, ht, mmx, 3dnowpref, sse, sse2, sse3, ssse3, sse4a, sse4.1, sse4.2, popcnt, lzcnt, tsc, tscinvbit, avx, avx2, aes, clmul, bmi1, bmi2, adx, sha, fma, vzeroupper, clflush, clflushopt

Memory: 4k page, system-wide physical 15789M (3303M free)
TotalPageFile size 18658M (AvailPageFile size 135M)
current process WorkingSet (physical memory assigned to process): 11M, peak: 11M
current process commit charge ("private bytes"): 64M, peak: 312M

vm_info: OpenJDK 64-Bit Server VM (17.0.7+0-b2043.56-10550314) for windows-amd64 JRE (17.0.7+0-b2043.56-10550314), built on Jul 24 2023 18:27:45 by "androidbuild" with MS VC++ 16.10 / 16.11 (VS2019)

END.
